🚀 Socket.IO server running on http://localhost:4000
A user connected: 9M2md3Gl6yX7euVLAAAB
Connected clients: 1
A user connected: 3cNJbHqgldBb4cMBAAAD
Connected clients: 2
❌ A user disconnected: 3cNJbHqgldBb4cMBAAAD
Connected clients: 1
A user connected: SpPGbzqeFtnSlu3_AAAF
Connected clients: 2
❌ A user disconnected: SpPGbzqeFtnSlu3_AAAF
Connected clients: 1
A user connected: 5jjDkEEvTGsgO4hOAAAH
Connected clients: 2
❌ A user disconnected: 5jjDkEEvTGsgO4hOAAAH
Connected clients: 1
A user connected: i8KkzA8nZPlNGxZtAAAJ
Connected clients: 2
❌ A user disconnected: i8KkzA8nZPlNGxZtAAAJ
Connected clients: 1
A user connected: sqYpZLIvpjmWQO-sAAAL
Connected clients: 2
❌ A user disconnected: sqYpZLIvpjmWQO-sAAAL
Connected clients: 1
A user connected: eOgAo4X6_cLPV8RTAAAN
Connected clients: 2
❌ A user disconnected: eOgAo4X6_cLPV8RTAAAN
Connected clients: 1
A user connected: 4r4TbCDx662oJB5pAAAP
Connected clients: 2
❌ A user disconnected: 4r4TbCDx662oJB5pAAAP
Connected clients: 1
A user connected: tQrisdlgN7lSooRFAAAR
Connected clients: 2
❌ A user disconnected: tQrisdlgN7lSooRFAAAR
Connected clients: 1
A user connected: TdZKYvnj1BZcEg3QAAAT
Connected clients: 2
❌ A user disconnected: TdZKYvnj1BZcEg3QAAAT
Connected clients: 1
A user connected: Tip52E1jK-OlNIxgAAAV
Connected clients: 2
❌ A user disconnected: Tip52E1jK-OlNIxgAAAV
Connected clients: 1
A user connected: MvP1WN0OL6GVWD-TAAAX
Connected clients: 2
❌ A user disconnected: MvP1WN0OL6GVWD-TAAAX
Connected clients: 1
❌ A user disconnected: 9M2md3Gl6yX7euVLAAAB
Connected clients: 0
